Using pre-set license
Built from '2020.3/staging' branch; Version is '2020.3.25f1 (9b9180224418) revision 10195328'; Using compiler version '192528614'; Build Type 'Release'
OS: 'Windows 10  (10.0.19043) 64bit Professional' Language: 'es' Physical Memory: 14207 MB
BatchMode: 1, IsHumanControllingUs: 0, StartBugReporterOnCrash: 0, Is64bit: 1, IsPro: 0

COMMAND LINE ARGUMENTS:
C:\Program Files\Unity\Hub\Editor\2020.3.25f1\Editor\Unity.exe
-adb2
-batchMode
-noUpm
-name
AssetImportWorker0
-projectPath
E:/Unity Projects/Jumpy
-logFile
Logs/AssetImportWorker0.log
-srvPort
53071
Successfully changed project path to: E:/Unity Projects/Jumpy
E:/Unity Projects/Jumpy
Using Asset Import Pipeline V2.
Refreshing native plugins compatible for Editor in 61.35 ms, found 2 plugins.
Preloading 0 native plugins for Editor in 0.00 ms.
Initialize engine version: 2020.3.25f1 (9b9180224418)
[Subsystems] Discovering subsystems at path C:/Program Files/Unity/Hub/Editor/2020.3.25f1/Editor/Data/Resources/UnitySubsystems
[Subsystems] Discovering subsystems at path E:/Unity Projects/Jumpy/Assets
GfxDevice: creating device client; threaded=0
Direct3D:
    Version:  Direct3D 11.0 [level 11.1]
    Renderer: AMD Radeon(TM) Graphics (ID=0x1638)
    Vendor:   
    VRAM:     7103 MB
    Driver:   30.0.13023.4001
Initialize mono
Mono path[0] = 'C:/Program Files/Unity/Hub/Editor/2020.3.25f1/Editor/Data/Managed'
Mono path[1] = 'C:/Program Files/Unity/Hub/Editor/2020.3.25f1/Editor/Data/MonoBleedingEdge/lib/mono/unityjit'
Mono config path = 'C:/Program Files/Unity/Hub/Editor/2020.3.25f1/Editor/Data/MonoBleedingEdge/etc'
Using monoOptions --debugger-agent=transport=dt_socket,embedding=1,server=y,suspend=n,address=127.0.0.1:56636
Begin MonoManager ReloadAssembly
Registering precompiled unity dll's ...
Register platform support module: C:/Program Files/Unity/Hub/Editor/2020.3.25f1/Editor/Data/PlaybackEngines/WindowsStandaloneSupport/UnityEditor.WindowsStandalone.Extensions.dll
Registered in 0.001310 seconds.
Native extension for WindowsStandalone target not found
Refreshing native plugins compatible for Editor in 58.23 ms, found 2 plugins.
Preloading 0 native plugins for Editor in 0.00 ms.
Mono: successfully reloaded assembly
- Completed reload, in  0.425 seconds
Domain Reload Profiling:
	ReloadAssembly (425ms)
		BeginReloadAssembly (37ms)
			ExecutionOrderSort (0ms)
			DisableScriptedObjects (0ms)
			BackupInstance (0ms)
			ReleaseScriptingObjects (0ms)
			CreateAndSetChildDomain (1ms)
		EndReloadAssembly (339ms)
			LoadAssemblies (35ms)
			RebuildTransferFunctionScriptingTraits (0ms)
			SetupTypeCache (89ms)
			ReleaseScriptCaches (0ms)
			RebuildScriptCaches (24ms)
			SetupLoadedEditorAssemblies (155ms)
				LogAssemblyErrors (0ms)
				InitializePlatformSupportModulesInManaged (3ms)
				SetLoadedEditorAssemblies (0ms)
				RefreshPlugins (58ms)
				BeforeProcessingInitializeOnLoad (12ms)
				ProcessInitializeOnLoadAttributes (60ms)
				ProcessInitializeOnLoadMethodAttributes (20ms)
				AfterProcessingInitializeOnLoad (0ms)
				EditorAssembliesLoaded (0ms)
			ExecutionOrderSort2 (0ms)
			AwakeInstancesAfterBackupRestoration (0ms)
Platform modules already initialized, skipping
Registering precompiled user dll's ...
Registered in 0.003542 seconds.
Begin MonoManager ReloadAssembly
Native extension for WindowsStandalone target not found
Refreshing native plugins compatible for Editor in 55.40 ms, found 2 plugins.
Preloading 0 native plugins for Editor in 0.00 ms.
Mono: successfully reloaded assembly
- Completed reload, in  0.907 seconds
Domain Reload Profiling:
	ReloadAssembly (908ms)
		BeginReloadAssembly (92ms)
			ExecutionOrderSort (0ms)
			DisableScriptedObjects (3ms)
			BackupInstance (0ms)
			ReleaseScriptingObjects (0ms)
			CreateAndSetChildDomain (14ms)
		EndReloadAssembly (775ms)
			LoadAssemblies (67ms)
			RebuildTransferFunctionScriptingTraits (0ms)
			SetupTypeCache (212ms)
			ReleaseScriptCaches (0ms)
			RebuildScriptCaches (50ms)
			SetupLoadedEditorAssemblies (363ms)
				LogAssemblyErrors (0ms)
				InitializePlatformSupportModulesInManaged (3ms)
				SetLoadedEditorAssemblies (0ms)
				RefreshPlugins (55ms)
				BeforeProcessingInitializeOnLoad (86ms)
				ProcessInitializeOnLoadAttributes (184ms)
				ProcessInitializeOnLoadMethodAttributes (29ms)
				AfterProcessingInitializeOnLoad (4ms)
				EditorAssembliesLoaded (0ms)
			ExecutionOrderSort2 (0ms)
			AwakeInstancesAfterBackupRestoration (5ms)
Platform modules already initialized, skipping
========================================================================
Worker process is ready to serve import requests
Launched and connected shader compiler UnityShaderCompiler.exe after 0.04 seconds
Refreshing native plugins compatible for Editor in 0.89 ms, found 2 plugins.
Preloading 0 native plugins for Editor in 0.00 ms.
Unloading 3896 Unused Serialized files (Serialized files now loaded: 0)
System memory in use before: 162.2 MB.
System memory in use after: 162.4 MB.

Unloading 62 unused Assets to reduce memory usage. Loaded Objects now: 4318.
Total: 5.293100 ms (FindLiveObjects: 0.273400 ms CreateObjectMapping: 0.166900 ms MarkObjects: 4.826400 ms  DeleteObjects: 0.025700 ms)

AssetImportParameters requested are different than current active one (requested -> active):
  custom:framework-win-MediaFoundation: 216162199b28c13a410421893ffa2e32 -> 
  custom:video-decoder-ogg-theora: a1e56fd34408186e4bbccfd4996cb3dc -> 
  custom:container-muxer-webm: aa71ff27fc2769a1b78a27578f13a17b -> 
  custom:container-demuxer-webm: 4f35f7cbe854078d1ac9338744f61a02 -> 
  custom:container-demuxer-ogg: 62fdf1f143b41e24485cea50d1cbac27 -> 
  custom:video-encoder-webm-vp8: eb34c28f22e8b96e1ab97ce403110664 -> 
  custom:video-decoder-webm-vp8: 9c59270c3fd7afecdb556c50c9e8de78 -> 
  custom:audio-decoder-ogg-vorbis: bf7c407c2cedff20999df2af8eb42d56 -> 
  custom:audio-encoder-webm-vorbis: bf7c407c2cedff20999df2af8eb42d56 -> 
========================================================================
Received Import Request.
  path: Assets/Test 1/Boss.prefab
  artifactKey: Guid(9c76d0b51a320d746abc7649ac3c3141) Importer(815301076,1909f56bfc062723c751e8b465ee728b)
Start importing Assets/Test 1/Boss.prefab using Guid(9c76d0b51a320d746abc7649ac3c3141) Importer(815301076,1909f56bfc062723c751e8b465ee728b)  -> (artifact id: '0821d59cfc6d51d19404d593889a90d3') in 0.063065 seconds 
  Import took 0.067738 seconds .

========================================================================
Received Import Request.
  Time since last request: 10.533869 seconds.
  path: Assets/boss/Damage.png
  artifactKey: Guid(606c9267e79bb16409c4b63dd12e85ed) Importer(815301076,1909f56bfc062723c751e8b465ee728b)
Start importing Assets/boss/Damage.png using Guid(606c9267e79bb16409c4b63dd12e85ed) Importer(815301076,1909f56bfc062723c751e8b465ee728b)  -> (artifact id: 'daad3d5ccfbdc2d9767664ce7481ca98') in 0.065739 seconds 
  Import took 0.071606 seconds .

========================================================================
Received Import Request.
  Time since last request: 30.181192 seconds.
  path: Assets/boss/Damage.anim
  artifactKey: Guid(a3919df044aa93642b99c3d82238a961) Importer(815301076,1909f56bfc062723c751e8b465ee728b)
Start importing Assets/boss/Damage.anim using Guid(a3919df044aa93642b99c3d82238a961) Importer(815301076,1909f56bfc062723c751e8b465ee728b)  -> (artifact id: 'c182f4ead3d8a2b421ee558a66c5e592') in 0.003876 seconds 
  Import took 0.023353 seconds .

========================================================================
Received Import Request.
  Time since last request: 765.078467 seconds.
  path: Assets/Animation/Boss/BossTemplate.controller
  artifactKey: Guid(80f45bb633e7578478650ec95b37554f) Importer(815301076,1909f56bfc062723c751e8b465ee728b)
Start importing Assets/Animation/Boss/BossTemplate.controller using Guid(80f45bb633e7578478650ec95b37554f) Importer(815301076,1909f56bfc062723c751e8b465ee728b)  -> (artifact id: 'ea3c8df784817cb8c9393246392888dd') in 0.009442 seconds 
  Import took 0.030755 seconds .

========================================================================
Received Prepare
Registering precompiled user dll's ...
Registered in 0.003528 seconds.
Begin MonoManager ReloadAssembly
Native extension for WindowsStandalone target not found
Refreshing native plugins compatible for Editor in 0.98 ms, found 2 plugins.
Preloading 0 native plugins for Editor in 0.00 ms.
Mono: successfully reloaded assembly
- Completed reload, in  0.814 seconds
Domain Reload Profiling:
	ReloadAssembly (814ms)
		BeginReloadAssembly (99ms)
			ExecutionOrderSort (0ms)
			DisableScriptedObjects (5ms)
			BackupInstance (0ms)
			ReleaseScriptingObjects (0ms)
			CreateAndSetChildDomain (36ms)
		EndReloadAssembly (675ms)
			LoadAssemblies (68ms)
			RebuildTransferFunctionScriptingTraits (0ms)
			SetupTypeCache (205ms)
			ReleaseScriptCaches (1ms)
			RebuildScriptCaches (37ms)
			SetupLoadedEditorAssemblies (305ms)
				LogAssemblyErrors (0ms)
				InitializePlatformSupportModulesInManaged (3ms)
				SetLoadedEditorAssemblies (0ms)
				RefreshPlugins (1ms)
				BeforeProcessingInitializeOnLoad (82ms)
				ProcessInitializeOnLoadAttributes (187ms)
				ProcessInitializeOnLoadMethodAttributes (27ms)
				AfterProcessingInitializeOnLoad (4ms)
				EditorAssembliesLoaded (0ms)
			ExecutionOrderSort2 (0ms)
			AwakeInstancesAfterBackupRestoration (5ms)
Platform modules already initialized, skipping
Refreshing native plugins compatible for Editor in 0.90 ms, found 2 plugins.
Preloading 0 native plugins for Editor in 0.00 ms.
Unloading 3791 Unused Serialized files (Serialized files now loaded: 0)
System memory in use before: 155.2 MB.
System memory in use after: 155.5 MB.

Unloading 54 unused Assets to reduce memory usage. Loaded Objects now: 4327.
Total: 5.358300 ms (FindLiveObjects: 0.273900 ms CreateObjectMapping: 0.165000 ms MarkObjects: 4.898300 ms  DeleteObjects: 0.020500 ms)

AssetImportParameters requested are different than current active one (requested -> active):
  custom:framework-win-MediaFoundation: 216162199b28c13a410421893ffa2e32 -> 
  custom:video-decoder-ogg-theora: a1e56fd34408186e4bbccfd4996cb3dc -> 
  custom:container-muxer-webm: aa71ff27fc2769a1b78a27578f13a17b -> 
  custom:container-demuxer-webm: 4f35f7cbe854078d1ac9338744f61a02 -> 
  custom:container-demuxer-ogg: 62fdf1f143b41e24485cea50d1cbac27 -> 
  custom:video-encoder-webm-vp8: eb34c28f22e8b96e1ab97ce403110664 -> 
  custom:video-decoder-webm-vp8: 9c59270c3fd7afecdb556c50c9e8de78 -> 
  custom:audio-decoder-ogg-vorbis: bf7c407c2cedff20999df2af8eb42d56 -> 
  custom:audio-encoder-webm-vorbis: bf7c407c2cedff20999df2af8eb42d56 -> 
========================================================================
Received Import Request.
  Time since last request: 296.835257 seconds.
  path: ProjectSettings/TagManager.asset
  artifactKey: Guid(00000000000000003000000000000000) Importer(815301076,1909f56bfc062723c751e8b465ee728b)
Start importing ProjectSettings/TagManager.asset using Guid(00000000000000003000000000000000) Importer(815301076,1909f56bfc062723c751e8b465ee728b)  -> (artifact id: '4f9638b146dc136c010d785fdb135929') in 0.022755 seconds 
  Import took 0.027900 seconds .

========================================================================
Received Import Request.
  Time since last request: 7.757742 seconds.
  path: ProjectSettings/TagManager.asset
  artifactKey: Guid(00000000000000003000000000000000) Importer(815301076,1909f56bfc062723c751e8b465ee728b)
Start importing ProjectSettings/TagManager.asset using Guid(00000000000000003000000000000000) Importer(815301076,1909f56bfc062723c751e8b465ee728b)  -> (artifact id: '4be4f60d13aa47040b3686fd2fd019e8') in 0.002469 seconds 
  Import took 0.007776 seconds .

========================================================================
Received Prepare
Registering precompiled user dll's ...
Registered in 0.003731 seconds.
Begin MonoManager ReloadAssembly
Native extension for WindowsStandalone target not found
Refreshing native plugins compatible for Editor in 0.94 ms, found 2 plugins.
Preloading 0 native plugins for Editor in 0.00 ms.
Mono: successfully reloaded assembly
- Completed reload, in  0.818 seconds
Domain Reload Profiling:
	ReloadAssembly (819ms)
		BeginReloadAssembly (97ms)
			ExecutionOrderSort (0ms)
			DisableScriptedObjects (4ms)
			BackupInstance (0ms)
			ReleaseScriptingObjects (0ms)
			CreateAndSetChildDomain (32ms)
		EndReloadAssembly (680ms)
			LoadAssemblies (66ms)
			RebuildTransferFunctionScriptingTraits (0ms)
			SetupTypeCache (211ms)
			ReleaseScriptCaches (1ms)
			RebuildScriptCaches (37ms)
			SetupLoadedEditorAssemblies (302ms)
				LogAssemblyErrors (0ms)
				InitializePlatformSupportModulesInManaged (3ms)
				SetLoadedEditorAssemblies (0ms)
				RefreshPlugins (1ms)
				BeforeProcessingInitializeOnLoad (83ms)
				ProcessInitializeOnLoadAttributes (182ms)
				ProcessInitializeOnLoadMethodAttributes (28ms)
				AfterProcessingInitializeOnLoad (4ms)
				EditorAssembliesLoaded (0ms)
			ExecutionOrderSort2 (0ms)
			AwakeInstancesAfterBackupRestoration (5ms)
Platform modules already initialized, skipping
Refreshing native plugins compatible for Editor in 0.89 ms, found 2 plugins.
Preloading 0 native plugins for Editor in 0.00 ms.
Unloading 3791 Unused Serialized files (Serialized files now loaded: 0)
System memory in use before: 155.3 MB.
System memory in use after: 155.6 MB.

Unloading 56 unused Assets to reduce memory usage. Loaded Objects now: 4329.
Total: 5.287100 ms (FindLiveObjects: 0.269100 ms CreateObjectMapping: 0.165500 ms MarkObjects: 4.830700 ms  DeleteObjects: 0.021200 ms)

AssetImportParameters requested are different than current active one (requested -> active):
  custom:framework-win-MediaFoundation: 216162199b28c13a410421893ffa2e32 -> 
  custom:video-decoder-ogg-theora: a1e56fd34408186e4bbccfd4996cb3dc -> 
  custom:container-muxer-webm: aa71ff27fc2769a1b78a27578f13a17b -> 
  custom:container-demuxer-webm: 4f35f7cbe854078d1ac9338744f61a02 -> 
  custom:container-demuxer-ogg: 62fdf1f143b41e24485cea50d1cbac27 -> 
  custom:video-encoder-webm-vp8: eb34c28f22e8b96e1ab97ce403110664 -> 
  custom:video-decoder-webm-vp8: 9c59270c3fd7afecdb556c50c9e8de78 -> 
  custom:audio-decoder-ogg-vorbis: bf7c407c2cedff20999df2af8eb42d56 -> 
  custom:audio-encoder-webm-vorbis: bf7c407c2cedff20999df2af8eb42d56 -> 
========================================================================
Received Prepare
Registering precompiled user dll's ...
Registered in 0.003643 seconds.
Begin MonoManager ReloadAssembly
Native extension for WindowsStandalone target not found
Refreshing native plugins compatible for Editor in 0.92 ms, found 2 plugins.
Preloading 0 native plugins for Editor in 0.00 ms.
Mono: successfully reloaded assembly
- Completed reload, in  0.799 seconds
Domain Reload Profiling:
	ReloadAssembly (799ms)
		BeginReloadAssembly (90ms)
			ExecutionOrderSort (0ms)
			DisableScriptedObjects (4ms)
			BackupInstance (0ms)
			ReleaseScriptingObjects (0ms)
			CreateAndSetChildDomain (36ms)
		EndReloadAssembly (669ms)
			LoadAssemblies (66ms)
			RebuildTransferFunctionScriptingTraits (0ms)
			SetupTypeCache (207ms)
			ReleaseScriptCaches (1ms)
			RebuildScriptCaches (37ms)
			SetupLoadedEditorAssemblies (296ms)
				LogAssemblyErrors (0ms)
				InitializePlatformSupportModulesInManaged (3ms)
				SetLoadedEditorAssemblies (0ms)
				RefreshPlugins (1ms)
				BeforeProcessingInitializeOnLoad (80ms)
				ProcessInitializeOnLoadAttributes (180ms)
				ProcessInitializeOnLoadMethodAttributes (27ms)
				AfterProcessingInitializeOnLoad (4ms)
				EditorAssembliesLoaded (0ms)
			ExecutionOrderSort2 (0ms)
			AwakeInstancesAfterBackupRestoration (5ms)
Platform modules already initialized, skipping
Refreshing native plugins compatible for Editor in 0.93 ms, found 2 plugins.
Preloading 0 native plugins for Editor in 0.00 ms.
Unloading 3791 Unused Serialized files (Serialized files now loaded: 0)
System memory in use before: 155.3 MB.
System memory in use after: 155.6 MB.

Unloading 54 unused Assets to reduce memory usage. Loaded Objects now: 4331.
Total: 5.351300 ms (FindLiveObjects: 0.264600 ms CreateObjectMapping: 0.163300 ms MarkObjects: 4.902100 ms  DeleteObjects: 0.020900 ms)

AssetImportParameters requested are different than current active one (requested -> active):
  custom:framework-win-MediaFoundation: 216162199b28c13a410421893ffa2e32 -> 
  custom:video-decoder-ogg-theora: a1e56fd34408186e4bbccfd4996cb3dc -> 
  custom:container-muxer-webm: aa71ff27fc2769a1b78a27578f13a17b -> 
  custom:container-demuxer-webm: 4f35f7cbe854078d1ac9338744f61a02 -> 
  custom:container-demuxer-ogg: 62fdf1f143b41e24485cea50d1cbac27 -> 
  custom:video-encoder-webm-vp8: eb34c28f22e8b96e1ab97ce403110664 -> 
  custom:video-decoder-webm-vp8: 9c59270c3fd7afecdb556c50c9e8de78 -> 
  custom:audio-decoder-ogg-vorbis: bf7c407c2cedff20999df2af8eb42d56 -> 
  custom:audio-encoder-webm-vorbis: bf7c407c2cedff20999df2af8eb42d56 -> 
========================================================================
Received Import Request.
  Time since last request: 473.822115 seconds.
  path: Assets/boss/Damage.png
  artifactKey: Guid(606c9267e79bb16409c4b63dd12e85ed) Importer(815301076,1909f56bfc062723c751e8b465ee728b)
Start importing Assets/boss/Damage.png using Guid(606c9267e79bb16409c4b63dd12e85ed) Importer(815301076,1909f56bfc062723c751e8b465ee728b)  -> (artifact id: '268ad9af47f5f8a2e75a68140242068b') in 0.064569 seconds 
  Import took 0.069187 seconds .

========================================================================
Received Import Request.
  Time since last request: 64.203899 seconds.
  path: Assets/boss/Damage.png
  artifactKey: Guid(606c9267e79bb16409c4b63dd12e85ed) Importer(815301076,1909f56bfc062723c751e8b465ee728b)
Start importing Assets/boss/Damage.png using Guid(606c9267e79bb16409c4b63dd12e85ed) Importer(815301076,1909f56bfc062723c751e8b465ee728b)  -> (artifact id: '334f204eaa01bc7b089ef0585cb460b4') in 0.011767 seconds 
  Import took 0.023298 seconds .

========================================================================
Received Import Request.
  Time since last request: 4.819420 seconds.
  path: Assets/boss/Damage.png
  artifactKey: Guid(606c9267e79bb16409c4b63dd12e85ed) Importer(815301076,1909f56bfc062723c751e8b465ee728b)
Start importing Assets/boss/Damage.png using Guid(606c9267e79bb16409c4b63dd12e85ed) Importer(815301076,1909f56bfc062723c751e8b465ee728b)  -> (artifact id: '5facb5ecbb3c201c82d5e779cc8ec358') in 0.013248 seconds 
  Import took 0.019259 seconds .

========================================================================
Received Import Request.
  Time since last request: 5.586666 seconds.
  path: Assets/boss/Damage.png
  artifactKey: Guid(606c9267e79bb16409c4b63dd12e85ed) Importer(815301076,1909f56bfc062723c751e8b465ee728b)
Start importing Assets/boss/Damage.png using Guid(606c9267e79bb16409c4b63dd12e85ed) Importer(815301076,1909f56bfc062723c751e8b465ee728b)  -> (artifact id: 'd136566dcac7714af13f8d0237351036') in 0.011854 seconds 
  Import took 0.018095 seconds .

========================================================================
Received Import Request.
  Time since last request: 7.380361 seconds.
  path: Assets/boss/Damage.png
  artifactKey: Guid(606c9267e79bb16409c4b63dd12e85ed) Importer(815301076,1909f56bfc062723c751e8b465ee728b)
Start importing Assets/boss/Damage.png using Guid(606c9267e79bb16409c4b63dd12e85ed) Importer(815301076,1909f56bfc062723c751e8b465ee728b)  -> (artifact id: '85a23771be58bf3ced05233bc68ac65c') in 0.011809 seconds 
  Import took 0.024239 seconds .

========================================================================
Received Import Request.
  Time since last request: 4.577619 seconds.
  path: Assets/boss/Damage.png
  artifactKey: Guid(606c9267e79bb16409c4b63dd12e85ed) Importer(815301076,1909f56bfc062723c751e8b465ee728b)
Start importing Assets/boss/Damage.png using Guid(606c9267e79bb16409c4b63dd12e85ed) Importer(815301076,1909f56bfc062723c751e8b465ee728b)  -> (artifact id: '3d8e4867969d7c6eb5696f5085e999ca') in 0.010745 seconds 
  Import took 0.017702 seconds .

========================================================================
Received Import Request.
  Time since last request: 6.018385 seconds.
  path: Assets/boss/Damage.png
  artifactKey: Guid(606c9267e79bb16409c4b63dd12e85ed) Importer(815301076,1909f56bfc062723c751e8b465ee728b)
Start importing Assets/boss/Damage.png using Guid(606c9267e79bb16409c4b63dd12e85ed) Importer(815301076,1909f56bfc062723c751e8b465ee728b)  -> (artifact id: 'abef47e772181d152650121faf1a9e1a') in 0.011628 seconds 
  Import took 0.025779 seconds .

========================================================================
Received Import Request.
  Time since last request: 5.144377 seconds.
  path: Assets/boss/Damage.png
  artifactKey: Guid(606c9267e79bb16409c4b63dd12e85ed) Importer(815301076,1909f56bfc062723c751e8b465ee728b)
Start importing Assets/boss/Damage.png using Guid(606c9267e79bb16409c4b63dd12e85ed) Importer(815301076,1909f56bfc062723c751e8b465ee728b)  -> (artifact id: 'b36434761cd435fade20a2b528d65231') in 0.011458 seconds 
  Import took 0.017625 seconds .

========================================================================
Received Import Request.
  Time since last request: 4.599375 seconds.
  path: Assets/boss/Damage.png
  artifactKey: Guid(606c9267e79bb16409c4b63dd12e85ed) Importer(815301076,1909f56bfc062723c751e8b465ee728b)
Start importing Assets/boss/Damage.png using Guid(606c9267e79bb16409c4b63dd12e85ed) Importer(815301076,1909f56bfc062723c751e8b465ee728b)  -> (artifact id: '26958b368e7df85e79f1d389e73bcb66') in 0.010440 seconds 
  Import took 0.017130 seconds .

========================================================================
Received Import Request.
  Time since last request: 6.964084 seconds.
  path: Assets/boss/Damage.png
  artifactKey: Guid(606c9267e79bb16409c4b63dd12e85ed) Importer(815301076,1909f56bfc062723c751e8b465ee728b)
Start importing Assets/boss/Damage.png using Guid(606c9267e79bb16409c4b63dd12e85ed) Importer(815301076,1909f56bfc062723c751e8b465ee728b)  -> (artifact id: 'c69ff0472038c022c64cd7aa1ce944ce') in 0.011322 seconds 
  Import took 0.017273 seconds .

========================================================================
Received Import Request.
  Time since last request: 7.256991 seconds.
  path: Assets/boss/Damage.png
  artifactKey: Guid(606c9267e79bb16409c4b63dd12e85ed) Importer(815301076,1909f56bfc062723c751e8b465ee728b)
Start importing Assets/boss/Damage.png using Guid(606c9267e79bb16409c4b63dd12e85ed) Importer(815301076,1909f56bfc062723c751e8b465ee728b)  -> (artifact id: '8aa63c9ac11f889c1c6e1f0ee4fa2c8d') in 0.012029 seconds 
  Import took 0.018007 seconds .

========================================================================
Received Import Request.
  Time since last request: 4.719889 seconds.
  path: Assets/boss/Damage.png
  artifactKey: Guid(606c9267e79bb16409c4b63dd12e85ed) Importer(815301076,1909f56bfc062723c751e8b465ee728b)
Start importing Assets/boss/Damage.png using Guid(606c9267e79bb16409c4b63dd12e85ed) Importer(815301076,1909f56bfc062723c751e8b465ee728b)  -> (artifact id: '7fc10ce11d1f90196462ea7cb9b4b67c') in 0.011276 seconds 
  Import took 0.017173 seconds .

========================================================================
Received Import Request.
  Time since last request: 4.995527 seconds.
  path: Assets/boss/Damage.png
  artifactKey: Guid(606c9267e79bb16409c4b63dd12e85ed) Importer(815301076,1909f56bfc062723c751e8b465ee728b)
Start importing Assets/boss/Damage.png using Guid(606c9267e79bb16409c4b63dd12e85ed) Importer(815301076,1909f56bfc062723c751e8b465ee728b)  -> (artifact id: '1d3f682569173b37b02893112996f92f') in 0.010832 seconds 
  Import took 0.024977 seconds .

========================================================================
Received Prepare
Registering precompiled user dll's ...
Registered in 0.003433 seconds.
Begin MonoManager ReloadAssembly
Native extension for WindowsStandalone target not found
Refreshing native plugins compatible for Editor in 0.92 ms, found 2 plugins.
Preloading 0 native plugins for Editor in 0.00 ms.
Mono: successfully reloaded assembly
- Completed reload, in  0.791 seconds
Domain Reload Profiling:
	ReloadAssembly (791ms)
		BeginReloadAssembly (86ms)
			ExecutionOrderSort (0ms)
			DisableScriptedObjects (4ms)
			BackupInstance (0ms)
			ReleaseScriptingObjects (0ms)
			CreateAndSetChildDomain (33ms)
		EndReloadAssembly (664ms)
			LoadAssemblies (67ms)
			RebuildTransferFunctionScriptingTraits (0ms)
			SetupTypeCache (203ms)
			ReleaseScriptCaches (1ms)
			RebuildScriptCaches (37ms)
			SetupLoadedEditorAssemblies (295ms)
				LogAssemblyErrors (0ms)
				InitializePlatformSupportModulesInManaged (3ms)
				SetLoadedEditorAssemblies (0ms)
				RefreshPlugins (1ms)
				BeforeProcessingInitializeOnLoad (80ms)
				ProcessInitializeOnLoadAttributes (179ms)
				ProcessInitializeOnLoadMethodAttributes (27ms)
				AfterProcessingInitializeOnLoad (4ms)
				EditorAssembliesLoaded (0ms)
			ExecutionOrderSort2 (0ms)
			AwakeInstancesAfterBackupRestoration (5ms)
Platform modules already initialized, skipping
Refreshing native plugins compatible for Editor in 0.92 ms, found 2 plugins.
Preloading 0 native plugins for Editor in 0.00 ms.
Unloading 3791 Unused Serialized files (Serialized files now loaded: 0)
System memory in use before: 155.4 MB.
System memory in use after: 155.6 MB.

Unloading 54 unused Assets to reduce memory usage. Loaded Objects now: 4334.
Total: 5.321900 ms (FindLiveObjects: 0.265400 ms CreateObjectMapping: 0.167800 ms MarkObjects: 4.868400 ms  DeleteObjects: 0.019800 ms)

AssetImportParameters requested are different than current active one (requested -> active):
  custom:framework-win-MediaFoundation: 216162199b28c13a410421893ffa2e32 -> 
  custom:video-decoder-ogg-theora: a1e56fd34408186e4bbccfd4996cb3dc -> 
  custom:container-muxer-webm: aa71ff27fc2769a1b78a27578f13a17b -> 
  custom:container-demuxer-webm: 4f35f7cbe854078d1ac9338744f61a02 -> 
  custom:container-demuxer-ogg: 62fdf1f143b41e24485cea50d1cbac27 -> 
  custom:video-encoder-webm-vp8: eb34c28f22e8b96e1ab97ce403110664 -> 
  custom:video-decoder-webm-vp8: 9c59270c3fd7afecdb556c50c9e8de78 -> 
  custom:audio-decoder-ogg-vorbis: bf7c407c2cedff20999df2af8eb42d56 -> 
  custom:audio-encoder-webm-vorbis: bf7c407c2cedff20999df2af8eb42d56 -> 
========================================================================
Received Import Request.
  Time since last request: 270.630011 seconds.
  path: Assets/boss/ShowHands/MoleHands.png
  artifactKey: Guid(e83e7f5b1fc116640a633fb5d80b0d4f) Importer(815301076,1909f56bfc062723c751e8b465ee728b)
Start importing Assets/boss/ShowHands/MoleHands.png using Guid(e83e7f5b1fc116640a633fb5d80b0d4f) Importer(815301076,1909f56bfc062723c751e8b465ee728b)  -> (artifact id: 'db40b8f729336dce3257461cc9b9f81d') in 0.095250 seconds 
  Import took 0.124153 seconds .

========================================================================
Received Import Request.
  Time since last request: 55.547360 seconds.
  path: Assets/boss/ShowHands/MoleHands.png
  artifactKey: Guid(e83e7f5b1fc116640a633fb5d80b0d4f) Importer(815301076,1909f56bfc062723c751e8b465ee728b)
Start importing Assets/boss/ShowHands/MoleHands.png using Guid(e83e7f5b1fc116640a633fb5d80b0d4f) Importer(815301076,1909f56bfc062723c751e8b465ee728b)  -> (artifact id: 'b29c9ed9f652cf1208f297ab69cd6602') in 0.055828 seconds 
  Import took 0.061789 seconds .

========================================================================
Received Import Request.
  Time since last request: 94.256549 seconds.
  path: Assets/boss/ShowHands/MoleHands.png
  artifactKey: Guid(e83e7f5b1fc116640a633fb5d80b0d4f) Importer(815301076,1909f56bfc062723c751e8b465ee728b)
Start importing Assets/boss/ShowHands/MoleHands.png using Guid(e83e7f5b1fc116640a633fb5d80b0d4f) Importer(815301076,1909f56bfc062723c751e8b465ee728b)  -> (artifact id: '513467cfe39863128d05cff285a34b43') in 0.061603 seconds 
  Import took 0.067864 seconds .

========================================================================
Received Import Request.
  Time since last request: 0.000148 seconds.
  path: Assets/boss/ShowHands/MoleHands.tpsheet
  artifactKey: Guid(34ff4c4551ed4d543bb16cbcc157f108) Importer(815301076,1909f56bfc062723c751e8b465ee728b)
Start importing Assets/boss/ShowHands/MoleHands.tpsheet using Guid(34ff4c4551ed4d543bb16cbcc157f108) Importer(815301076,1909f56bfc062723c751e8b465ee728b)  -> (artifact id: '62717f88244d8186e9b90d2edc65604f') in 0.002478 seconds 
  Import took 0.007298 seconds .

========================================================================
Received Import Request.
  Time since last request: 376.507204 seconds.
  path: Assets/boss/ShowHands/MoleHands.png
  artifactKey: Guid(e83e7f5b1fc116640a633fb5d80b0d4f) Importer(815301076,1909f56bfc062723c751e8b465ee728b)
Start importing Assets/boss/ShowHands/MoleHands.png using Guid(e83e7f5b1fc116640a633fb5d80b0d4f) Importer(815301076,1909f56bfc062723c751e8b465ee728b)  -> (artifact id: '24ef143dae4e7dcfd70e994a238ae079') in 0.061670 seconds 
  Import took 0.068921 seconds .

========================================================================
Received Import Request.
  Time since last request: 0.000187 seconds.
  path: Assets/boss/ShowHands/MoleHands.tpsheet
  artifactKey: Guid(34ff4c4551ed4d543bb16cbcc157f108) Importer(815301076,1909f56bfc062723c751e8b465ee728b)
Start importing Assets/boss/ShowHands/MoleHands.tpsheet using Guid(34ff4c4551ed4d543bb16cbcc157f108) Importer(815301076,1909f56bfc062723c751e8b465ee728b)  -> (artifact id: '0db2c7d90a95f1a961724d7a11102257') in 0.001495 seconds 
  Import took 0.005672 seconds .

========================================================================
Received Import Request.
  Time since last request: 59.280184 seconds.
  path: Assets/Animation/Hit.anim
  artifactKey: Guid(5810b909f11df3645986a8fee278b228) Importer(815301076,1909f56bfc062723c751e8b465ee728b)
Start importing Assets/Animation/Hit.anim using Guid(5810b909f11df3645986a8fee278b228) Importer(815301076,1909f56bfc062723c751e8b465ee728b)  -> (artifact id: '34b4399dc401dfff678eaa4d9581617b') in 0.004937 seconds 
  Import took 0.009712 seconds .

========================================================================
Received Import Request.
  Time since last request: 33.832919 seconds.
  path: Assets/boss/Damage.anim
  artifactKey: Guid(a3919df044aa93642b99c3d82238a961) Importer(815301076,1909f56bfc062723c751e8b465ee728b)
Start importing Assets/boss/Damage.anim using Guid(a3919df044aa93642b99c3d82238a961) Importer(815301076,1909f56bfc062723c751e8b465ee728b)  -> (artifact id: '97680c4ae5572eb5a18a2c2597abdf2d') in 0.004331 seconds 
  Import took 0.028389 seconds .

========================================================================
Received Prepare
Registering precompiled user dll's ...
Registered in 0.004039 seconds.
Begin MonoManager ReloadAssembly
Native extension for WindowsStandalone target not found
Refreshing native plugins compatible for Editor in 0.96 ms, found 2 plugins.
Preloading 0 native plugins for Editor in 0.00 ms.
Mono: successfully reloaded assembly
- Completed reload, in  0.821 seconds
Domain Reload Profiling:
	ReloadAssembly (821ms)
		BeginReloadAssembly (97ms)
			ExecutionOrderSort (0ms)
			DisableScriptedObjects (4ms)
			BackupInstance (0ms)
			ReleaseScriptingObjects (0ms)
			CreateAndSetChildDomain (31ms)
		EndReloadAssembly (683ms)
			LoadAssemblies (70ms)
			RebuildTransferFunctionScriptingTraits (0ms)
			SetupTypeCache (206ms)
			ReleaseScriptCaches (1ms)
			RebuildScriptCaches (38ms)
			SetupLoadedEditorAssemblies (307ms)
				LogAssemblyErrors (0ms)
				InitializePlatformSupportModulesInManaged (3ms)
				SetLoadedEditorAssemblies (0ms)
				RefreshPlugins (1ms)
				BeforeProcessingInitializeOnLoad (86ms)
				ProcessInitializeOnLoadAttributes (184ms)
				ProcessInitializeOnLoadMethodAttributes (27ms)
				AfterProcessingInitializeOnLoad (4ms)
				EditorAssembliesLoaded (0ms)
			ExecutionOrderSort2 (0ms)
			AwakeInstancesAfterBackupRestoration (5ms)
Platform modules already initialized, skipping
Refreshing native plugins compatible for Editor in 0.90 ms, found 2 plugins.
Preloading 0 native plugins for Editor in 0.00 ms.
Unloading 3791 Unused Serialized files (Serialized files now loaded: 0)
System memory in use before: 155.9 MB.
System memory in use after: 156.1 MB.

Unloading 54 unused Assets to reduce memory usage. Loaded Objects now: 4348.
Total: 5.356600 ms (FindLiveObjects: 0.268300 ms CreateObjectMapping: 0.161300 ms MarkObjects: 4.905700 ms  DeleteObjects: 0.020700 ms)

AssetImportParameters requested are different than current active one (requested -> active):
  custom:framework-win-MediaFoundation: 216162199b28c13a410421893ffa2e32 -> 
  custom:video-decoder-ogg-theora: a1e56fd34408186e4bbccfd4996cb3dc -> 
  custom:container-muxer-webm: aa71ff27fc2769a1b78a27578f13a17b -> 
  custom:container-demuxer-webm: 4f35f7cbe854078d1ac9338744f61a02 -> 
  custom:container-demuxer-ogg: 62fdf1f143b41e24485cea50d1cbac27 -> 
  custom:video-encoder-webm-vp8: eb34c28f22e8b96e1ab97ce403110664 -> 
  custom:video-decoder-webm-vp8: 9c59270c3fd7afecdb556c50c9e8de78 -> 
  custom:audio-decoder-ogg-vorbis: bf7c407c2cedff20999df2af8eb42d56 -> 
  custom:audio-encoder-webm-vorbis: bf7c407c2cedff20999df2af8eb42d56 -> 
AssetImportWorkerClient::OnTransportError - code=2 error=End of file
