Using pre-set license
Built from '2020.3/staging' branch; Version is '2020.3.25f1 (9b9180224418) revision 10195328'; Using compiler version '192528614'; Build Type 'Release'
OS: 'Windows 10  (10.0.19042) 64bit Core' Language: 'en' Physical Memory: 7611 MB
BatchMode: 1, IsHumanControllingUs: 0, StartBugReporterOnCrash: 0, Is64bit: 1, IsPro: 0

COMMAND LINE ARGUMENTS:
C:\Program Files\Unity\Hub\Editor\2020.3.25f1\Editor\Unity.exe
-adb2
-batchMode
-noUpm
-name
AssetImportWorker0
-projectPath
D:/Unity/Github/Jumpy
-logFile
Logs/AssetImportWorker0.log
-srvPort
54496
Successfully changed project path to: D:/Unity/Github/Jumpy
D:/Unity/Github/Jumpy
Using Asset Import Pipeline V2.
Refreshing native plugins compatible for Editor in 97.76 ms, found 2 plugins.
Preloading 0 native plugins for Editor in 0.00 ms.
Initialize engine version: 2020.3.25f1 (9b9180224418)
[Subsystems] Discovering subsystems at path C:/Program Files/Unity/Hub/Editor/2020.3.25f1/Editor/Data/Resources/UnitySubsystems
[Subsystems] Discovering subsystems at path D:/Unity/Github/Jumpy/Assets
GfxDevice: creating device client; threaded=0
Direct3D:
    Version:  Direct3D 11.0 [level 11.1]
    Renderer: Intel(R) UHD Graphics 620 (ID=0x5917)
    Vendor:   
    VRAM:     3805 MB
    Driver:   27.20.100.8681
Initialize mono
Mono path[0] = 'C:/Program Files/Unity/Hub/Editor/2020.3.25f1/Editor/Data/Managed'
Mono path[1] = 'C:/Program Files/Unity/Hub/Editor/2020.3.25f1/Editor/Data/MonoBleedingEdge/lib/mono/unityjit'
Mono config path = 'C:/Program Files/Unity/Hub/Editor/2020.3.25f1/Editor/Data/MonoBleedingEdge/etc'
Using monoOptions --debugger-agent=transport=dt_socket,embedding=1,server=y,suspend=n,address=127.0.0.1:56124
Begin MonoManager ReloadAssembly
Registering precompiled unity dll's ...
Register platform support module: C:/Program Files/Unity/Hub/Editor/2020.3.25f1/Editor/Data/PlaybackEngines/WebGLSupport/UnityEditor.WebGL.Extensions.dll
Register platform support module: C:/Program Files/Unity/Hub/Editor/2020.3.25f1/Editor/Data/PlaybackEngines/MacStandaloneSupport/UnityEditor.OSXStandalone.Extensions.dll
Register platform support module: C:/Program Files/Unity/Hub/Editor/2020.3.25f1/Editor/Data/PlaybackEngines/WindowsStandaloneSupport/UnityEditor.WindowsStandalone.Extensions.dll
Registered in 0.003311 seconds.
Native extension for WindowsStandalone target not found
Native extension for OSXStandalone target not found
Native extension for WebGL target not found
Refreshing native plugins compatible for Editor in 92.76 ms, found 2 plugins.
Preloading 0 native plugins for Editor in 0.00 ms.
Mono: successfully reloaded assembly
- Completed reload, in  0.733 seconds
Domain Reload Profiling:
	ReloadAssembly (733ms)
		BeginReloadAssembly (62ms)
			ExecutionOrderSort (0ms)
			DisableScriptedObjects (0ms)
			BackupInstance (0ms)
			ReleaseScriptingObjects (0ms)
			CreateAndSetChildDomain (1ms)
		EndReloadAssembly (578ms)
			LoadAssemblies (60ms)
			RebuildTransferFunctionScriptingTraits (0ms)
			SetupTypeCache (184ms)
			ReleaseScriptCaches (0ms)
			RebuildScriptCaches (35ms)
			SetupLoadedEditorAssemblies (238ms)
				LogAssemblyErrors (0ms)
				InitializePlatformSupportModulesInManaged (8ms)
				SetLoadedEditorAssemblies (0ms)
				RefreshPlugins (93ms)
				BeforeProcessingInitializeOnLoad (18ms)
				ProcessInitializeOnLoadAttributes (88ms)
				ProcessInitializeOnLoadMethodAttributes (30ms)
				AfterProcessingInitializeOnLoad (0ms)
				EditorAssembliesLoaded (0ms)
			ExecutionOrderSort2 (0ms)
			AwakeInstancesAfterBackupRestoration (0ms)
Platform modules already initialized, skipping
Registering precompiled user dll's ...
Registered in 0.006223 seconds.
Begin MonoManager ReloadAssembly
Native extension for WindowsStandalone target not found
Native extension for OSXStandalone target not found
Native extension for WebGL target not found
Refreshing native plugins compatible for Editor in 94.26 ms, found 2 plugins.
Preloading 0 native plugins for Editor in 0.00 ms.
Mono: successfully reloaded assembly
- Completed reload, in  1.518 seconds
Domain Reload Profiling:
	ReloadAssembly (1519ms)
		BeginReloadAssembly (154ms)
			ExecutionOrderSort (0ms)
			DisableScriptedObjects (5ms)
			BackupInstance (0ms)
			ReleaseScriptingObjects (0ms)
			CreateAndSetChildDomain (21ms)
		EndReloadAssembly (1295ms)
			LoadAssemblies (109ms)
			RebuildTransferFunctionScriptingTraits (0ms)
			SetupTypeCache (409ms)
			ReleaseScriptCaches (1ms)
			RebuildScriptCaches (69ms)
			SetupLoadedEditorAssemblies (571ms)
				LogAssemblyErrors (0ms)
				InitializePlatformSupportModulesInManaged (6ms)
				SetLoadedEditorAssemblies (0ms)
				RefreshPlugins (94ms)
				BeforeProcessingInitializeOnLoad (130ms)
				ProcessInitializeOnLoadAttributes (276ms)
				ProcessInitializeOnLoadMethodAttributes (57ms)
				AfterProcessingInitializeOnLoad (7ms)
				EditorAssembliesLoaded (0ms)
			ExecutionOrderSort2 (0ms)
			AwakeInstancesAfterBackupRestoration (8ms)
Platform modules already initialized, skipping
========================================================================
Worker process is ready to serve import requests
Launched and connected shader compiler UnityShaderCompiler.exe after 0.12 seconds
Refreshing native plugins compatible for Editor in 2.13 ms, found 2 plugins.
Preloading 0 native plugins for Editor in 0.00 ms.
Unloading 3893 Unused Serialized files (Serialized files now loaded: 0)
System memory in use before: 175.7 MB.
System memory in use after: 175.9 MB.

Unloading 62 unused Assets to reduce memory usage. Loaded Objects now: 4328.
Total: 13.463600 ms (FindLiveObjects: 0.669100 ms CreateObjectMapping: 0.497700 ms MarkObjects: 12.218200 ms  DeleteObjects: 0.076100 ms)

AssetImportParameters requested are different than current active one (requested -> active):
  custom:framework-win-MediaFoundation: 216162199b28c13a410421893ffa2e32 -> 
  custom:video-decoder-ogg-theora: a1e56fd34408186e4bbccfd4996cb3dc -> 
  custom:container-muxer-webm: aa71ff27fc2769a1b78a27578f13a17b -> 
  custom:container-demuxer-webm: 4f35f7cbe854078d1ac9338744f61a02 -> 
  custom:container-demuxer-ogg: 62fdf1f143b41e24485cea50d1cbac27 -> 
  custom:video-encoder-webm-vp8: eb34c28f22e8b96e1ab97ce403110664 -> 
  custom:video-decoder-webm-vp8: 9c59270c3fd7afecdb556c50c9e8de78 -> 
  custom:audio-decoder-ogg-vorbis: bf7c407c2cedff20999df2af8eb42d56 -> 
  custom:audio-encoder-webm-vorbis: bf7c407c2cedff20999df2af8eb42d56 -> 
========================================================================
Received Import Request.
  path: Assets/Scenes/Level 2.unity
  artifactKey: Guid(91df97e70a6e17247ab3cf93666536de) Importer(815301076,1909f56bfc062723c751e8b465ee728b)
Start importing Assets/Scenes/Level 2.unity using Guid(91df97e70a6e17247ab3cf93666536de) Importer(815301076,1909f56bfc062723c751e8b465ee728b)  -> (artifact id: 'f9524feca375b53fcad70faa7ca38b5f') in 0.051855 seconds 
  Import took 0.096599 seconds .

========================================================================
Received Import Request.
  Time since last request: 64.198279 seconds.
  path: Assets/Animation/test0001.controller
  artifactKey: Guid(557f940038e2698408fcb04af99c1569) Importer(815301076,1909f56bfc062723c751e8b465ee728b)
Start importing Assets/Animation/test0001.controller using Guid(557f940038e2698408fcb04af99c1569) Importer(815301076,1909f56bfc062723c751e8b465ee728b)  -> (artifact id: 'caa44f01413861765ceeee4eed9e6f56') in 0.045056 seconds 
  Import took 0.114527 seconds .

========================================================================
Received Import Request.
  Time since last request: 13.459325 seconds.
  path: Assets/Animation/fadein.anim
  artifactKey: Guid(68b6b88a64f30c64b80794cc07fa8183) Importer(815301076,1909f56bfc062723c751e8b465ee728b)
Start importing Assets/Animation/fadein.anim using Guid(68b6b88a64f30c64b80794cc07fa8183) Importer(815301076,1909f56bfc062723c751e8b465ee728b)  -> (artifact id: 'd3dad86a32b6a337b236ac63e8de63fa') in 0.009754 seconds 
  Import took 0.030403 seconds .

========================================================================
Received Import Request.
  Time since last request: 27.744794 seconds.
  path: Assets/Scenes/Level 3.unity
  artifactKey: Guid(9eba5796e15c241419f017d82e0b99b0) Importer(815301076,1909f56bfc062723c751e8b465ee728b)
Start importing Assets/Scenes/Level 3.unity using Guid(9eba5796e15c241419f017d82e0b99b0) Importer(815301076,1909f56bfc062723c751e8b465ee728b)  -> (artifact id: '6e2c4b355d3e8562bea9a73628ed13ac') in 0.010058 seconds 
  Import took 0.161851 seconds .

========================================================================
Received Import Request.
  Time since last request: 22.296328 seconds.
  path: Assets/Scenes/testScene.unity
  artifactKey: Guid(6c8b4cc553c8c514e978225a49ef4980) Importer(815301076,1909f56bfc062723c751e8b465ee728b)
Start importing Assets/Scenes/testScene.unity using Guid(6c8b4cc553c8c514e978225a49ef4980) Importer(815301076,1909f56bfc062723c751e8b465ee728b)  -> (artifact id: 'da8e84c44344923a9d195f3093e926ea') in 0.011385 seconds 
  Import took 0.122968 seconds .

========================================================================
Received Import Request.
  Time since last request: 5.528961 seconds.
  path: Assets/Scenes/Level 1.unity
  artifactKey: Guid(6a43acf7279c62b479c8e587df3da2ee) Importer(815301076,1909f56bfc062723c751e8b465ee728b)
Start importing Assets/Scenes/Level 1.unity using Guid(6a43acf7279c62b479c8e587df3da2ee) Importer(815301076,1909f56bfc062723c751e8b465ee728b)  -> (artifact id: '950ad922460b65113171dfe532439f7c') in 0.093143 seconds 
  Import took 0.208749 seconds .

========================================================================
Received Import Request.
  Time since last request: 39.181023 seconds.
  path: Assets/Scripts/Chars/CG_Offset.shader
  artifactKey: Guid(53fe90ad85e251c4981336ec06aba852) Importer(815301076,1909f56bfc062723c751e8b465ee728b)
Start importing Assets/Scripts/Chars/CG_Offset.shader using Guid(53fe90ad85e251c4981336ec06aba852) Importer(815301076,1909f56bfc062723c751e8b465ee728b)  -> (artifact id: '1845a96fd95eeddaf5bf5ee4ce326b5f') in 0.010656 seconds 
  Import took 0.062960 seconds .

========================================================================
Received Prepare
Refreshing native plugins compatible for Editor in 29.39 ms, found 2 plugins.
Preloading 0 native plugins for Editor in 0.00 ms.
Unloading 51 Unused Serialized files (Serialized files now loaded: 0)
System memory in use before: 91.8 MB.
System memory in use after: 92.1 MB.

Unloading 51 unused Assets to reduce memory usage. Loaded Objects now: 4328.
Total: 65.039400 ms (FindLiveObjects: 0.627600 ms CreateObjectMapping: 0.481700 ms MarkObjects: 63.743000 ms  DeleteObjects: 0.184600 ms)

AssetImportParameters requested are different than current active one (requested -> active):
  custom:framework-win-MediaFoundation: 216162199b28c13a410421893ffa2e32 -> 
  custom:video-decoder-ogg-theora: a1e56fd34408186e4bbccfd4996cb3dc -> 
  custom:container-muxer-webm: aa71ff27fc2769a1b78a27578f13a17b -> 
  custom:container-demuxer-webm: 4f35f7cbe854078d1ac9338744f61a02 -> 
  custom:container-demuxer-ogg: 62fdf1f143b41e24485cea50d1cbac27 -> 
  custom:video-encoder-webm-vp8: eb34c28f22e8b96e1ab97ce403110664 -> 
  custom:video-decoder-webm-vp8: 9c59270c3fd7afecdb556c50c9e8de78 -> 
  custom:audio-decoder-ogg-vorbis: bf7c407c2cedff20999df2af8eb42d56 -> 
  custom:audio-encoder-webm-vorbis: bf7c407c2cedff20999df2af8eb42d56 -> 
